2026-04-11 16:26:08,697 - AD-CPredSys - INFO - Directory already exists: ./uploaded_img
2026-04-11 16:26:08,698 - AD-CPredSys - INFO - Directory already exists: ./demodata
2026-04-11 16:26:08,699 - AD-CPredSys - INFO - Directory already exists: ./models
2026-04-11 16:26:08,700 - AD-CPredSys - INFO - Directory already exists: ./static
2026-04-11 16:26:08,701 - AD-CPredSys - INFO - Directory already exists: ./static/images
2026-04-11 16:26:08,701 - AD-CPredSys - INFO - Directory already exists: ./static/css
2026-04-11 16:26:08,702 - AD-CPredSys - INFO - Directory already exists: ./static/js
2026-04-11 16:26:08,703 - AD-CPredSys - INFO - Directory already exists: ./grad_cam_results
2026-04-11 16:26:08,704 - AD-CPredSys - INFO - Directory already exists: ./data/clinical_data
2026-04-11 16:26:08,704 - AD-CPredSys - INFO - Directory already exists: ./data/clinical_data/clinical_records
2026-04-11 16:26:08,705 - AD-CPredSys - INFO - Directory already exists: ./data/clinical_data/molecular_data
2026-04-11 16:26:08,705 - AD-CPredSys - INFO - Directory already exists: ./data/clinical_data/lifestyle_data
2026-04-11 16:26:08,706 - AD-CPredSys - INFO - Directory already exists: ./data/clinical_data/neuropsychological
2026-04-11 16:26:08,707 - AD-CPredSys - INFO - Directory already exists: ./risk_maps
2026-04-11 16:26:08,707 - AD-CPredSys - INFO - Directory already exists: ./risk_maps/regional_risk
2026-04-11 16:26:08,708 - AD-CPredSys - INFO - Directory already exists: ./risk_maps/progression_maps
2026-04-11 16:26:08,708 - AD-CPredSys - INFO - Directory already exists: ./results
2026-04-11 16:26:08,709 - AD-CPredSys - INFO - Directory already exists: ./results/individual
2026-04-11 16:26:08,709 - AD-CPredSys - INFO - Directory already exists: ./results/batch_results
2026-04-11 16:26:08,710 - AD-CPredSys - INFO - Directory already exists: ./results/statistics
2026-04-11 16:26:08,710 - AD-CPredSys - INFO - Directory already exists: ./reports
2026-04-11 16:26:08,711 - AD-CPredSys - INFO - Directory already exists: ./reports/summary_reports
2026-04-11 16:26:08,711 - AD-CPredSys - INFO - Directory already exists: ./reports/comparative_reports
2026-04-11 16:26:08,712 - AD-CPredSys - INFO - Directory already exists: ./reports/timeline_reports
2026-04-11 16:26:08,713 - AD-CPredSys - INFO - Directory already exists: ./temp
2026-04-11 16:26:08,713 - AD-CPredSys - INFO - Directory already exists: ./temp/tmp_uploads
2026-04-11 16:26:08,714 - AD-CPredSys - INFO - Directory already exists: ./temp/cache
2026-04-11 16:26:08,715 - AD-CPredSys - INFO - Directory already exists: ./temp/logs
