2026-04-20 16:25:16,840 - alzheimer-diagnostic - INFO - Retrieving system statistics...
2026-04-20 16:25:16,882 - alzheimer-diagnostic - INFO - Statistics retrieved successfully: 28 patients, 22 reports, 56 analyses
2026-04-20 16:25:16,890 - alzheimer-diagnostic - INFO - 获取目录结构
2026-04-20 16:25:16,890 - alzheimer-diagnostic - INFO - 诊断引擎初始化完成
2026-04-20 16:25:16,891 - alzheimer-diagnostic - INFO - 数据处理器初始化完成
2026-04-20 16:25:16,891 - alzheimer-diagnostic - INFO - 报告生成器初始化完成
2026-04-20 16:25:16,892 - alzheimer-diagnostic - INFO - API处理器初始化完成
2026-04-20 16:25:55,214 - alzheimer-diagnostic - INFO - 收到登录请求
2026-04-20 16:25:55,214 - alzheimer-diagnostic - INFO - 收到登录请求
2026-04-20 16:26:04,491 - alzheimer-diagnostic - INFO - Processing file analysis request...
2026-04-20 16:26:04,491 - alzheimer-diagnostic - INFO - 
Starting 阿尔兹海默症诊断系统 v3.0.0
2026-04-20 16:26:04,492 - alzheimer-diagnostic - INFO - Release date: 2024-01-01
2026-04-20 16:26:04,492 - alzheimer-diagnostic - INFO - 数据处理器初始化完成
2026-04-20 16:26:04,492 - alzheimer-diagnostic - INFO - 多模态数据管理器初始化完成
2026-04-20 16:26:04,493 - alzheimer-diagnostic - INFO - 诊断引擎初始化完成
2026-04-20 16:26:04,493 - alzheimer-diagnostic - INFO - 数据处理器初始化完成
2026-04-20 16:26:04,494 - alzheimer-diagnostic - INFO - 报告生成器初始化完成
2026-04-20 16:26:04,494 - alzheimer-diagnostic - INFO - PDF报告生成器初始化完成
2026-04-20 16:26:04,495 - alzheimer-diagnostic - INFO - 诊断引擎初始化完成
2026-04-20 16:26:04,495 - alzheimer-diagnostic - INFO - 数据处理器初始化完成
2026-04-20 16:26:04,495 - alzheimer-diagnostic - INFO - 报告生成器初始化完成
2026-04-20 16:26:04,496 - alzheimer-diagnostic - INFO - API处理器初始化完成
2026-04-20 16:26:04,496 - alzheimer-diagnostic - INFO - System initialization completed
2026-04-20 16:26:04,496 - alzheimer-diagnostic - INFO - 
Starting data analysis (patient ID: 张三, demo mode: False, demo category: None)
2026-04-20 16:26:04,496 - alzheimer-diagnostic - INFO - 加载患者数据成功: 张三
2026-04-20 16:26:04,497 - alzheimer-diagnostic - INFO - 诊断引擎初始化完成
2026-04-20 16:26:04,505 - alzheimer-diagnostic - INFO - 使用ADNI真实图像: ./data/augmented_balanced_ADNI_v3\AD\aug_0_1902.jpg
2026-04-20 16:26:05,068 - alzheimer-diagnostic - INFO - 使用ADNI真实图像: ./data/augmented_balanced_ADNI_v3\AD\aug_0_3900.jpg
2026-04-20 16:26:05,090 - alzheimer-diagnostic - WARNING - 未找到任何可用图像
2026-04-20 16:26:05,121 - alzheimer-diagnostic - INFO - 使用ADNI真实图像生成热力图: ./data/augmented_balanced_ADNI_v3\AD\aug_0_7881.jpg
2026-04-20 16:26:07,655 - alzheimer-diagnostic - INFO - Analysis results saved to: ./results/individual/张三_20260420_162607\analysis_result.json
2026-04-20 16:26:07,655 - alzheimer-diagnostic - INFO - File analysis completed, diagnosis result: AD
2026-04-20 16:26:11,843 - alzheimer-diagnostic - INFO - Processing PDF generation request...
2026-04-20 16:26:14,406 - alzheimer-diagnostic - INFO - PDF报告生成成功: reports\diagnosis_report_张三_20260420_162612.pdf
2026-04-20 16:26:14,409 - alzheimer-diagnostic - INFO - PDF generation successful: diagnosis_report_张三_20260420_162612.pdf
2026-04-20 16:26:14,431 - alzheimer-diagnostic - INFO - Retrieving report list...
2026-04-20 16:26:14,444 - alzheimer-diagnostic - INFO - Found 35 reports
