2026-04-19 17:08:09,590 - alzheimer-diagnostic - INFO - Retrieving system statistics...
2026-04-19 17:08:09,659 - alzheimer-diagnostic - INFO - Statistics retrieved successfully: 28 patients, 22 reports, 56 analyses
2026-04-19 17:08:09,662 - alzheimer-diagnostic - INFO - 获取目录结构
2026-04-19 17:08:09,664 - alzheimer-diagnostic - INFO - 诊断引擎初始化完成
2026-04-19 17:08:09,665 - alzheimer-diagnostic - INFO - 数据处理器初始化完成
2026-04-19 17:08:09,667 - alzheimer-diagnostic - INFO - 报告生成器初始化完成
2026-04-19 17:08:09,668 - alzheimer-diagnostic - INFO - API处理器初始化完成
2026-04-19 17:08:24,200 - alzheimer-diagnostic - INFO - 收到登录请求
2026-04-19 17:08:24,201 - alzheimer-diagnostic - INFO - 收到登录请求
2026-04-19 17:20:20,008 - alzheimer-diagnostic - INFO - Retrieving system statistics...
2026-04-19 17:20:20,014 - alzheimer-diagnostic - INFO - Statistics retrieved successfully: 28 patients, 22 reports, 56 analyses
2026-04-19 17:20:20,023 - alzheimer-diagnostic - INFO - 获取目录结构
2026-04-19 17:20:32,084 - alzheimer-diagnostic - INFO - 收到登录请求
2026-04-19 17:20:32,084 - alzheimer-diagnostic - INFO - 收到登录请求
2026-04-19 17:20:33,605 - alzheimer-diagnostic - INFO - Retrieving report list...
2026-04-19 17:20:33,615 - alzheimer-diagnostic - INFO - Found 17 reports
2026-04-19 17:20:38,147 - alzheimer-diagnostic - INFO - Retrieving report list...
2026-04-19 17:20:38,153 - alzheimer-diagnostic - INFO - Found 17 reports
2026-04-19 17:20:44,572 - alzheimer-diagnostic - INFO - 根据用户ID获取患者信息: 5
2026-04-19 17:20:44,572 - alzheimer-diagnostic - INFO - 收到根据用户ID获取患者信息请求: 5
2026-04-19 17:20:58,097 - alzheimer-diagnostic - INFO - 根据用户ID获取患者信息: 5
2026-04-19 17:20:58,098 - alzheimer-diagnostic - INFO - 收到根据用户ID获取患者信息请求: 5
2026-04-19 17:21:09,388 - alzheimer-diagnostic - INFO - 根据用户ID获取患者信息: 5
2026-04-19 17:21:09,389 - alzheimer-diagnostic - INFO - 收到根据用户ID获取患者信息请求: 5
2026-04-19 17:21:26,306 - alzheimer-diagnostic - INFO - 根据用户ID获取患者信息: 5
2026-04-19 17:21:26,306 - alzheimer-diagnostic - INFO - 收到根据用户ID获取患者信息请求: 5
2026-04-19 17:21:30,075 - alzheimer-diagnostic - INFO - Retrieving report list...
2026-04-19 17:21:30,085 - alzheimer-diagnostic - INFO - Found 17 reports
2026-04-19 17:21:44,723 - alzheimer-diagnostic - INFO - Processing demo data request (category: None)...
2026-04-19 17:21:44,723 - alzheimer-diagnostic - INFO - 
Starting 阿尔兹海默症诊断系统 v3.0.0
2026-04-19 17:21:44,724 - alzheimer-diagnostic - INFO - Release date: 2024-01-01
2026-04-19 17:21:44,724 - alzheimer-diagnostic - INFO - 数据处理器初始化完成
2026-04-19 17:21:44,725 - alzheimer-diagnostic - INFO - 多模态数据管理器初始化完成
2026-04-19 17:21:44,725 - alzheimer-diagnostic - INFO - 诊断引擎初始化完成
2026-04-19 17:21:44,725 - alzheimer-diagnostic - INFO - 数据处理器初始化完成
2026-04-19 17:21:44,726 - alzheimer-diagnostic - INFO - 报告生成器初始化完成
2026-04-19 17:21:44,726 - alzheimer-diagnostic - INFO - PDF报告生成器初始化完成
2026-04-19 17:21:44,726 - alzheimer-diagnostic - INFO - 诊断引擎初始化完成
2026-04-19 17:21:44,727 - alzheimer-diagnostic - INFO - 数据处理器初始化完成
2026-04-19 17:21:44,727 - alzheimer-diagnostic - INFO - 报告生成器初始化完成
2026-04-19 17:21:44,727 - alzheimer-diagnostic - INFO - API处理器初始化完成
2026-04-19 17:21:44,727 - alzheimer-diagnostic - INFO - System initialization completed
2026-04-19 17:21:44,728 - alzheimer-diagnostic - INFO - 
Starting data analysis (patient ID: None, demo mode: True, demo category: None)
2026-04-19 17:21:44,728 - alzheimer-diagnostic - INFO - 创建演示数据成功: None
2026-04-19 17:21:44,728 - alzheimer-diagnostic - INFO - 加载患者数据成功: DEMO_CN
2026-04-19 17:21:44,729 - alzheimer-diagnostic - INFO - 诊断引擎初始化完成
2026-04-19 17:21:44,738 - alzheimer-diagnostic - INFO - 使用ADNI真实图像: ./data/augmented_balanced_ADNI_v3\EMCI\aug_0_8675.jpg
2026-04-19 17:21:45,360 - alzheimer-diagnostic - INFO - 使用ADNI真实图像: ./data/augmented_balanced_ADNI_v3\EMCI\aug_0_3089.jpg
2026-04-19 17:21:45,397 - alzheimer-diagnostic - WARNING - 未找到任何可用图像
2026-04-19 17:21:45,439 - alzheimer-diagnostic - INFO - 使用ADNI真实图像生成热力图: ./data/augmented_balanced_ADNI_v3\EMCI\26 (56).jpg
2026-04-19 17:21:47,913 - alzheimer-diagnostic - INFO - Analysis results saved to: ./results/individual/DEMO_CN_20260419_172147\analysis_result.json
2026-04-19 17:21:47,913 - alzheimer-diagnostic - INFO - Demo data analysis completed, diagnosis result: EMCI
2026-04-19 17:21:57,839 - alzheimer-diagnostic - INFO - Processing PDF generation request...
2026-04-19 17:21:58,278 - alzheimer-diagnostic - INFO - PDF报告生成成功: reports\diagnosis_report_PAT_508447_20260419_172158.pdf
2026-04-19 17:21:58,279 - alzheimer-diagnostic - INFO - PDF generation successful: diagnosis_report_PAT_508447_20260419_172158.pdf
2026-04-19 17:21:58,327 - alzheimer-diagnostic - INFO - Retrieving report list...
2026-04-19 17:21:58,334 - alzheimer-diagnostic - INFO - Found 18 reports
