2026-04-19 20:16:24,201 - alzheimer-diagnostic - INFO - Retrieving system statistics...
2026-04-19 20:16:24,241 - alzheimer-diagnostic - INFO - Statistics retrieved successfully: 28 patients, 22 reports, 56 analyses
2026-04-19 20:16:24,245 - alzheimer-diagnostic - INFO - 获取目录结构
2026-04-19 20:16:24,245 - alzheimer-diagnostic - INFO - 诊断引擎初始化完成
2026-04-19 20:16:24,246 - alzheimer-diagnostic - INFO - 数据处理器初始化完成
2026-04-19 20:16:24,247 - alzheimer-diagnostic - INFO - 报告生成器初始化完成
2026-04-19 20:16:24,249 - alzheimer-diagnostic - INFO - API处理器初始化完成
2026-04-19 20:16:47,085 - alzheimer-diagnostic - INFO - Processing demo data request (category: None)...
2026-04-19 20:16:47,086 - alzheimer-diagnostic - INFO - 
Starting 阿尔兹海默症诊断系统 v3.0.0
2026-04-19 20:16:47,086 - alzheimer-diagnostic - INFO - Release date: 2024-01-01
2026-04-19 20:16:47,087 - alzheimer-diagnostic - INFO - 数据处理器初始化完成
2026-04-19 20:16:47,087 - alzheimer-diagnostic - INFO - 多模态数据管理器初始化完成
2026-04-19 20:16:47,088 - alzheimer-diagnostic - INFO - 诊断引擎初始化完成
2026-04-19 20:16:47,088 - alzheimer-diagnostic - INFO - 数据处理器初始化完成
2026-04-19 20:16:47,088 - alzheimer-diagnostic - INFO - 报告生成器初始化完成
2026-04-19 20:16:47,089 - alzheimer-diagnostic - INFO - PDF报告生成器初始化完成
2026-04-19 20:16:47,089 - alzheimer-diagnostic - INFO - 诊断引擎初始化完成
2026-04-19 20:16:47,089 - alzheimer-diagnostic - INFO - 数据处理器初始化完成
2026-04-19 20:16:47,090 - alzheimer-diagnostic - INFO - 报告生成器初始化完成
2026-04-19 20:16:47,090 - alzheimer-diagnostic - INFO - API处理器初始化完成
2026-04-19 20:16:47,090 - alzheimer-diagnostic - INFO - System initialization completed
2026-04-19 20:16:47,090 - alzheimer-diagnostic - INFO - 
Starting data analysis (patient ID: None, demo mode: True, demo category: None)
2026-04-19 20:16:47,091 - alzheimer-diagnostic - INFO - 创建演示数据成功: None
2026-04-19 20:16:47,091 - alzheimer-diagnostic - INFO - 加载患者数据成功: DEMO_CN
2026-04-19 20:16:47,091 - alzheimer-diagnostic - INFO - 诊断引擎初始化完成
2026-04-19 20:16:47,102 - alzheimer-diagnostic - INFO - 使用ADNI真实图像: ./data/augmented_balanced_ADNI_v3\EMCI\aug_0_3423.jpg
2026-04-19 20:16:47,478 - alzheimer-diagnostic - INFO - 使用ADNI真实图像: ./data/augmented_balanced_ADNI_v3\EMCI\aug_0_3320.jpg
2026-04-19 20:16:47,505 - alzheimer-diagnostic - WARNING - 未找到任何可用图像
2026-04-19 20:16:47,544 - alzheimer-diagnostic - INFO - 使用ADNI真实图像生成热力图: ./data/augmented_balanced_ADNI_v3\EMCI\13 (37).jpg
2026-04-19 20:16:50,754 - alzheimer-diagnostic - INFO - Analysis results saved to: ./results/individual/DEMO_CN_20260419_201650\analysis_result.json
2026-04-19 20:16:50,755 - alzheimer-diagnostic - INFO - Demo data analysis completed, diagnosis result: EMCI
2026-04-19 20:17:28,412 - alzheimer-diagnostic - INFO - Processing PDF generation request...
2026-04-19 20:17:30,716 - alzheimer-diagnostic - INFO - PDF报告生成成功: reports\diagnosis_report_PAT_011319_20260419_201729.pdf
2026-04-19 20:17:30,718 - alzheimer-diagnostic - INFO - PDF generation successful: diagnosis_report_PAT_011319_20260419_201729.pdf
2026-04-19 20:17:30,734 - alzheimer-diagnostic - INFO - Retrieving report list...
2026-04-19 20:17:30,743 - alzheimer-diagnostic - INFO - Found 34 reports
