2026-03-22 14:02:17,255 - INFO - 开始训练模型，配置: Namespace(epochs=10, batch_size=4, lr=0.0001, dropout=0.3, device='cpu')
2026-03-22 14:02:17,256 - INFO - 使用设备: cpu
2026-03-22 14:02:17,302 - INFO - 模型创建成功，参数数量: 5535621
2026-03-22 14:02:40,048 - INFO - 
Epoch [1/10]
2026-03-22 14:04:40,320 - INFO - Batch [0/200], Loss: 1.3572, Acc: 50.00%
2026-03-22 14:13:26,252 - INFO - 开始训练模型，配置: Namespace(epochs=10, batch_size=4, lr=0.0001, dropout=0.3, device='cpu')
2026-03-22 14:13:26,253 - WARNING - 未检测到GPU，使用CPU训练（速度较慢）
2026-03-22 14:13:26,254 - INFO - 使用设备: cpu
2026-03-22 14:13:26,298 - INFO - 模型创建成功，参数数量: 5535621
2026-03-22 14:13:29,097 - INFO - 
Epoch [1/10]
2026-03-22 14:15:06,147 - INFO - Batch [0/200], Loss: 1.4477, Acc: 25.00%
2026-03-22 14:35:14,247 - INFO - Batch [10/200], Loss: 1.4437, Acc: 13.64%
2026-03-22 15:24:33,813 - INFO - 开始训练模型，配置: Namespace(epochs=10, batch_size=4, lr=0.0001, dropout=0.3, device='cuda')
2026-03-22 15:24:33,818 - INFO - 检测到GPU: NVIDIA GeForce RTX 4060 Laptop GPU
2026-03-22 15:24:33,819 - INFO - GPU内存: 8.00 GB
2026-03-22 15:24:33,819 - INFO - 使用设备: cuda
2026-03-22 15:24:34,051 - INFO - 模型创建成功，参数数量: 5535621
2026-03-22 15:24:48,508 - INFO - 
Epoch [1/10]
2026-03-22 15:25:31,520 - INFO - 开始训练模型，配置: Namespace(epochs=10, batch_size=2, lr=0.0001, dropout=0.3, device='cuda')
2026-03-22 15:25:31,525 - INFO - 检测到GPU: NVIDIA GeForce RTX 4060 Laptop GPU
2026-03-22 15:25:31,525 - INFO - GPU内存: 8.00 GB
2026-03-22 15:25:31,526 - INFO - 使用设备: cuda
2026-03-22 15:25:31,711 - INFO - 模型创建成功，参数数量: 5535621
2026-03-22 15:25:35,050 - INFO - 
Epoch [1/10]
2026-03-22 15:25:49,483 - INFO - Batch [0/400], Loss: 1.5244, Acc: 0.00%
2026-03-22 15:28:16,405 - INFO - Batch [10/400], Loss: 1.5557, Acc: 9.09%
2026-03-22 15:30:44,336 - INFO - Batch [20/400], Loss: 1.6124, Acc: 14.29%
2026-03-22 15:33:12,730 - INFO - Batch [30/400], Loss: 1.3306, Acc: 14.52%
2026-03-22 15:35:39,687 - INFO - Batch [40/400], Loss: 1.1541, Acc: 18.29%
2026-03-22 15:39:01,729 - INFO - 开始训练优化模型，配置: Namespace(epochs=30, batch_size=4, lr=5e-05, dropout=0.4, weight_decay=0.0001, device='cuda', use_real_data=False)
2026-03-22 15:39:01,734 - INFO - 检测到GPU: NVIDIA GeForce RTX 4060 Laptop GPU
2026-03-22 15:39:01,734 - INFO - GPU内存: 8.00 GB
2026-03-22 15:39:01,734 - INFO - 使用设备: cuda
2026-03-22 15:39:01,932 - INFO - 模型创建成功，参数数量: 5535621
2026-03-22 15:39:24,411 - INFO - 开始训练优化模型，配置: Namespace(epochs=30, batch_size=4, lr=5e-05, dropout=0.4, weight_decay=0.0001, device='cuda', use_real_data=False)
2026-03-22 15:39:24,415 - INFO - 检测到GPU: NVIDIA GeForce RTX 4060 Laptop GPU
2026-03-22 15:39:24,415 - INFO - GPU内存: 8.00 GB
2026-03-22 15:39:24,416 - INFO - 使用设备: cuda
2026-03-22 15:39:24,562 - INFO - 模型创建成功，参数数量: 5535621
2026-03-22 15:39:27,724 - INFO - 
Epoch [1/30]
2026-03-22 15:43:42,086 - INFO - 开始训练优化模型，配置: Namespace(epochs=30, batch_size=2, lr=5e-05, dropout=0.4, weight_decay=0.0001, device='cuda', use_real_data=False)
2026-03-22 15:43:42,089 - INFO - 检测到GPU: NVIDIA GeForce RTX 4060 Laptop GPU
2026-03-22 15:43:42,090 - INFO - GPU内存: 8.00 GB
2026-03-22 15:43:42,090 - INFO - 使用设备: cuda
2026-03-22 15:43:42,239 - INFO - 模型创建成功，参数数量: 5535621
2026-03-22 15:43:45,418 - INFO - 
Epoch [1/30]
2026-03-22 15:44:03,326 - INFO - Batch [0/400], Loss: 1.3868, Acc: 50.00%
2026-03-22 15:46:17,583 - INFO - Batch [10/400], Loss: 1.2956, Acc: 40.91%
2026-03-22 15:50:36,447 - INFO - Batch [20/400], Loss: 1.3729, Acc: 40.48%
2026-03-22 15:55:27,462 - INFO - Batch [30/400], Loss: 1.5135, Acc: 40.32%
2026-03-22 15:59:49,277 - INFO - Batch [40/400], Loss: 1.0523, Acc: 41.46%
2026-03-22 16:03:30,428 - INFO - Batch [50/400], Loss: 1.2167, Acc: 41.18%
2026-03-22 16:06:06,168 - INFO - Batch [60/400], Loss: 1.0892, Acc: 40.16%
2026-03-22 16:07:56,292 - INFO - Batch [70/400], Loss: 1.0661, Acc: 42.96%
2026-03-22 16:09:46,327 - INFO - Batch [80/400], Loss: 1.2708, Acc: 42.59%
2026-03-22 16:11:39,615 - INFO - Batch [90/400], Loss: 1.0296, Acc: 41.76%
2026-03-22 16:13:44,428 - INFO - Batch [100/400], Loss: 1.0819, Acc: 40.59%
2026-03-22 16:18:18,556 - INFO - Batch [110/400], Loss: 1.1878, Acc: 40.09%
2026-03-22 16:22:36,087 - INFO - Batch [120/400], Loss: 1.1602, Acc: 39.67%
2026-03-22 16:25:13,536 - INFO - Batch [130/400], Loss: 1.1241, Acc: 39.69%
2026-03-22 16:27:37,587 - INFO - Batch [140/400], Loss: 1.5338, Acc: 39.01%
2026-03-22 16:30:02,451 - INFO - Batch [150/400], Loss: 1.3673, Acc: 38.74%
2026-03-23 16:02:13,338 - INFO - 开始训练优化模型，配置: Namespace(epochs=30, batch_size=2, lr=5e-05, dropout=0.4, weight_decay=0.0001, device='cuda', use_real_data=False)
2026-03-23 16:02:13,347 - INFO - 检测到GPU: NVIDIA GeForce RTX 4060 Laptop GPU
2026-03-23 16:02:13,347 - INFO - GPU内存: 8.00 GB
2026-03-23 16:02:13,347 - INFO - 使用设备: cuda
2026-03-23 16:02:13,872 - INFO - 模型创建成功，参数数量: 5535621
2026-03-23 16:02:17,645 - INFO - 
Epoch [1/30]
2026-03-23 16:06:08,290 - INFO - Batch [9/400], Loss: 1.2906, Acc: 20.00%
2026-03-23 16:09:26,682 - INFO - Batch [19/400], Loss: 1.3104, Acc: 20.00%
2026-03-23 16:12:30,555 - INFO - Batch [29/400], Loss: 1.4428, Acc: 21.67%
2026-03-23 16:15:20,389 - INFO - Batch [39/400], Loss: 1.3950, Acc: 21.25%
2026-03-23 16:18:14,900 - INFO - Batch [49/400], Loss: 1.1706, Acc: 24.00%
2026-03-23 16:20:59,532 - INFO - Batch [59/400], Loss: 1.5622, Acc: 25.00%
2026-03-23 16:23:46,337 - INFO - Batch [69/400], Loss: 1.1384, Acc: 27.14%
2026-03-23 16:26:32,740 - INFO - Batch [79/400], Loss: 1.4841, Acc: 28.12%
2026-03-23 16:29:15,845 - INFO - Batch [89/400], Loss: 1.5535, Acc: 27.22%
2026-03-23 16:32:01,491 - INFO - Batch [99/400], Loss: 1.2811, Acc: 28.50%
2026-03-23 16:34:46,549 - INFO - Batch [109/400], Loss: 1.5662, Acc: 29.55%
2026-03-23 16:37:32,413 - INFO - Batch [119/400], Loss: 1.2841, Acc: 30.42%
2026-03-23 16:40:21,253 - INFO - Batch [129/400], Loss: 1.2909, Acc: 32.69%
2026-03-23 16:43:03,960 - INFO - Batch [139/400], Loss: 1.3958, Acc: 34.64%
2026-03-23 16:45:47,542 - INFO - Batch [149/400], Loss: 1.4223, Acc: 35.33%
2026-03-23 16:48:31,638 - INFO - Batch [159/400], Loss: 1.1637, Acc: 34.69%
2026-03-23 16:51:19,616 - INFO - Batch [169/400], Loss: 1.0354, Acc: 35.59%
2026-03-23 16:54:05,200 - INFO - Batch [179/400], Loss: 1.0153, Acc: 35.56%
2026-03-23 16:57:17,078 - INFO - Batch [189/400], Loss: 0.6815, Acc: 36.58%
2026-03-23 17:00:06,025 - INFO - Batch [199/400], Loss: 1.0452, Acc: 36.50%
2026-03-23 17:03:45,990 - INFO - Batch [209/400], Loss: 1.0036, Acc: 37.62%
2026-03-23 17:06:31,842 - INFO - Batch [219/400], Loss: 1.0770, Acc: 38.18%
2026-03-23 17:10:30,414 - INFO - Batch [229/400], Loss: 1.0588, Acc: 38.04%
2026-03-23 17:15:19,962 - INFO - Batch [239/400], Loss: 0.7252, Acc: 37.92%
2026-03-23 17:19:46,890 - INFO - Batch [249/400], Loss: 1.0295, Acc: 38.20%
2026-03-23 17:24:27,467 - INFO - Batch [259/400], Loss: 0.8487, Acc: 38.27%
2026-03-23 17:29:20,710 - INFO - Batch [269/400], Loss: 0.5940, Acc: 38.89%
2026-03-23 17:34:04,711 - INFO - Batch [279/400], Loss: 1.3165, Acc: 39.46%
2026-03-23 17:39:06,499 - INFO - Batch [289/400], Loss: 0.8527, Acc: 39.48%
2026-03-23 17:44:08,723 - INFO - Batch [299/400], Loss: 0.9290, Acc: 39.50%
2026-03-23 17:49:09,888 - INFO - Batch [309/400], Loss: 1.3720, Acc: 39.52%
2026-03-23 17:54:11,278 - INFO - Batch [319/400], Loss: 1.1986, Acc: 40.00%
2026-03-23 17:59:05,605 - INFO - Batch [329/400], Loss: 1.5781, Acc: 40.30%
2026-03-23 18:04:01,162 - INFO - Batch [339/400], Loss: 1.1159, Acc: 40.29%
2026-03-23 18:08:55,316 - INFO - Batch [349/400], Loss: 1.1514, Acc: 40.57%
2026-03-23 18:13:54,564 - INFO - Batch [359/400], Loss: 0.4172, Acc: 40.56%
2026-03-23 18:18:52,799 - INFO - Batch [369/400], Loss: 1.1851, Acc: 40.95%
2026-03-23 18:23:55,160 - INFO - Batch [379/400], Loss: 1.1647, Acc: 41.32%
2026-03-23 18:28:57,689 - INFO - Batch [389/400], Loss: 2.0918, Acc: 41.54%
2026-03-23 18:33:58,780 - INFO - Batch [399/400], Loss: 0.3961, Acc: 42.00%
2026-03-23 18:33:59,711 - INFO - Train Loss: 1.1872, Train Acc: 42.00%
2026-03-23 18:57:25,589 - INFO - Val Loss: 0.7362, Val Acc: 75.50%
2026-03-23 18:57:25,744 - INFO - 保存最佳模型，验证准确率: 75.50%
2026-03-23 18:57:25,745 - INFO - 
Epoch [2/30]
2026-03-24 12:20:17,355 - INFO - 开始训练优化模型，配置: Namespace(epochs=30, batch_size=2, lr=5e-05, dropout=0.4, weight_decay=0.0001, device='cuda', use_real_data=False)
2026-03-24 12:20:17,362 - INFO - 检测到GPU: NVIDIA GeForce RTX 4060 Laptop GPU
2026-03-24 12:20:17,362 - INFO - GPU内存: 8.00 GB
2026-03-24 12:20:17,362 - INFO - 使用设备: cuda
2026-03-24 12:20:17,651 - INFO - 模型创建成功，参数数量: 5535621
2026-03-24 12:20:32,324 - INFO - 
Epoch [1/30]
2026-03-24 12:23:00,983 - INFO - Batch [9/400], Loss: 1.4359, Acc: 30.00%
2026-03-24 12:26:36,296 - INFO - Batch [19/400], Loss: 1.4000, Acc: 32.50%
2026-03-24 12:31:08,972 - INFO - Batch [29/400], Loss: 1.3146, Acc: 35.00%
2026-03-24 12:34:24,243 - INFO - Batch [39/400], Loss: 1.3842, Acc: 36.25%
2026-03-24 12:36:51,350 - INFO - Batch [49/400], Loss: 1.2403, Acc: 40.00%
2026-03-24 12:39:22,330 - INFO - Batch [59/400], Loss: 1.2887, Acc: 40.83%
2026-03-24 12:41:47,568 - INFO - Batch [69/400], Loss: 1.2761, Acc: 42.14%
2026-03-24 12:44:08,976 - INFO - Batch [79/400], Loss: 1.5223, Acc: 41.25%
2026-03-24 12:46:38,137 - INFO - Batch [89/400], Loss: 1.6155, Acc: 41.67%
2026-03-24 12:49:10,274 - INFO - Batch [99/400], Loss: 1.1925, Acc: 42.50%
2026-03-24 12:51:43,310 - INFO - Batch [109/400], Loss: 1.7989, Acc: 41.36%
2026-03-24 12:54:12,128 - INFO - Batch [119/400], Loss: 1.1771, Acc: 42.08%
2026-03-24 12:56:58,103 - INFO - Batch [129/400], Loss: 1.2916, Acc: 41.92%
2026-03-24 13:01:36,449 - INFO - Batch [139/400], Loss: 1.4688, Acc: 41.43%
2026-03-24 13:05:57,319 - INFO - Batch [149/400], Loss: 1.4824, Acc: 42.00%
2026-03-24 13:10:28,437 - INFO - Batch [159/400], Loss: 1.3145, Acc: 42.19%
2026-03-24 13:14:49,517 - INFO - Batch [169/400], Loss: 1.1846, Acc: 42.35%
2026-03-24 13:19:03,829 - INFO - Batch [179/400], Loss: 1.7212, Acc: 41.39%
2026-03-24 13:23:00,871 - INFO - Batch [189/400], Loss: 1.1136, Acc: 41.84%
2026-03-24 13:25:20,204 - INFO - Batch [199/400], Loss: 1.2010, Acc: 41.75%
2026-03-24 13:27:47,875 - INFO - Batch [209/400], Loss: 1.6001, Acc: 41.90%
2026-03-24 13:30:16,442 - INFO - Batch [219/400], Loss: 0.9479, Acc: 42.05%
2026-03-24 13:32:44,304 - INFO - Batch [229/400], Loss: 0.7342, Acc: 43.04%
2026-03-24 13:35:12,337 - INFO - Batch [239/400], Loss: 1.3564, Acc: 43.33%
2026-03-24 13:37:40,169 - INFO - Batch [249/400], Loss: 0.6528, Acc: 44.20%
2026-03-24 13:40:07,955 - INFO - Batch [259/400], Loss: 0.7413, Acc: 45.19%
2026-03-24 13:42:34,893 - INFO - Batch [269/400], Loss: 2.3063, Acc: 45.00%
2026-03-24 13:45:01,035 - INFO - Batch [279/400], Loss: 1.0870, Acc: 45.18%
2026-03-24 13:47:27,270 - INFO - Batch [289/400], Loss: 0.6403, Acc: 45.52%
2026-03-24 13:49:54,288 - INFO - Batch [299/400], Loss: 0.7976, Acc: 46.17%
2026-03-24 13:52:20,626 - INFO - Batch [309/400], Loss: 1.3118, Acc: 45.97%
2026-03-24 13:54:47,665 - INFO - Batch [319/400], Loss: 0.7855, Acc: 46.41%
2026-03-24 13:57:14,955 - INFO - Batch [329/400], Loss: 1.0549, Acc: 46.52%
2026-03-24 13:59:42,659 - INFO - Batch [339/400], Loss: 0.9255, Acc: 46.62%
2026-03-24 14:02:09,902 - INFO - Batch [349/400], Loss: 1.4444, Acc: 46.14%
2026-03-24 14:04:37,443 - INFO - Batch [359/400], Loss: 0.5229, Acc: 47.08%
2026-03-24 14:07:04,717 - INFO - Batch [369/400], Loss: 0.9852, Acc: 47.43%
2026-03-24 14:09:31,377 - INFO - Batch [379/400], Loss: 1.0063, Acc: 47.89%
2026-03-24 14:11:57,959 - INFO - Batch [389/400], Loss: 0.6317, Acc: 48.59%
2026-03-24 14:14:28,100 - INFO - Batch [399/400], Loss: 0.8078, Acc: 49.38%
2026-03-24 14:14:29,418 - INFO - Train Loss: 1.1073, Train Acc: 49.38%
2026-03-24 14:26:52,065 - INFO - Val Loss: 0.4540, Val Acc: 75.50%
2026-03-24 14:26:52,279 - INFO - 保存最佳模型，验证准确率: 75.50%
2026-03-24 14:26:52,280 - INFO - 
Epoch [2/30]
2026-03-24 14:46:47,289 - INFO - 开始训练优化模型，配置: Namespace(epochs=30, batch_size=2, lr=5e-05, dropout=0.4, weight_decay=0.0001, device='cuda', use_real_data=False, resume=None)
2026-03-24 14:46:47,294 - INFO - 检测到GPU: NVIDIA GeForce RTX 4060 Laptop GPU
2026-03-24 14:46:47,294 - INFO - GPU内存: 8.00 GB
2026-03-24 14:46:47,294 - INFO - 使用设备: cuda
2026-03-24 14:46:47,461 - INFO - 模型创建成功，参数数量: 5535621
2026-03-24 14:47:04,041 - INFO - 
Epoch [1/30]
2026-03-24 14:51:13,983 - INFO - Batch [9/400], Loss: 1.4927, Acc: 20.00%
2026-03-24 14:55:53,478 - INFO - 开始训练优化模型，配置: Namespace(epochs=30, batch_size=2, lr=5e-05, dropout=0.4, weight_decay=0.0001, device='cuda', use_real_data=False, resume=None)
2026-03-24 14:55:53,483 - INFO - 检测到GPU: NVIDIA GeForce RTX 4060 Laptop GPU
2026-03-24 14:55:53,483 - INFO - GPU内存: 8.00 GB
2026-03-24 14:55:53,483 - INFO - 使用设备: cuda
2026-03-24 14:55:53,649 - INFO - 模型创建成功，参数数量: 5535621
2026-03-24 14:55:56,122 - INFO - 
Epoch [1/30]
2026-03-24 14:58:11,587 - INFO - 开始训练优化模型，配置: Namespace(epochs=30, batch_size=2, lr=5e-05, dropout=0.4, weight_decay=0.0001, device='cuda', use_real_data=False, resume=None)
2026-03-24 14:58:11,590 - INFO - 检测到GPU: NVIDIA GeForce RTX 4060 Laptop GPU
2026-03-24 14:58:11,590 - INFO - GPU内存: 8.00 GB
2026-03-24 14:58:11,590 - INFO - 使用设备: cuda
2026-03-24 14:58:11,706 - INFO - 模型创建成功，参数数量: 5535621
2026-03-24 14:58:13,840 - INFO - 
Epoch [1/30]
2026-03-24 14:59:45,274 - INFO - 开始训练优化模型，配置: Namespace(epochs=30, batch_size=2, lr=5e-05, dropout=0.4, weight_decay=0.0001, device='cuda', use_real_data=False, resume=None)
2026-03-24 14:59:45,278 - INFO - 检测到GPU: NVIDIA GeForce RTX 4060 Laptop GPU
2026-03-24 14:59:45,279 - INFO - GPU内存: 8.00 GB
2026-03-24 14:59:45,279 - INFO - 使用设备: cuda
2026-03-24 14:59:45,395 - INFO - 模型创建成功，参数数量: 5535621
2026-03-24 14:59:47,559 - INFO - 
Epoch [1/30]
2026-03-24 15:01:36,902 - INFO - 开始训练优化模型，配置: Namespace(epochs=30, batch_size=2, lr=5e-05, dropout=0.4, weight_decay=0.0001, device='cuda', use_real_data=False, resume=None)
2026-03-24 15:01:36,905 - INFO - 检测到GPU: NVIDIA GeForce RTX 4060 Laptop GPU
2026-03-24 15:01:36,905 - INFO - GPU内存: 8.00 GB
2026-03-24 15:01:36,905 - INFO - 使用设备: cuda
2026-03-24 15:01:37,010 - INFO - 模型创建成功，参数数量: 5535621
2026-03-24 15:01:38,962 - INFO - 
Epoch [1/30]
2026-03-24 15:01:43,007 - INFO - Batch [9/100], Loss: 1.4508, Acc: 25.00%
2026-03-24 15:01:43,952 - INFO - Batch [19/100], Loss: 1.2716, Acc: 25.00%
2026-03-24 15:01:44,936 - INFO - Batch [29/100], Loss: 1.2510, Acc: 33.33%
2026-03-24 15:01:45,884 - INFO - Batch [39/100], Loss: 1.5427, Acc: 28.75%
2026-03-24 15:01:46,819 - INFO - Batch [49/100], Loss: 1.2925, Acc: 28.00%
2026-03-24 15:01:47,758 - INFO - Batch [59/100], Loss: 1.5177, Acc: 27.50%
2026-03-24 15:01:48,700 - INFO - Batch [69/100], Loss: 1.3406, Acc: 28.57%
2026-03-24 15:01:49,639 - INFO - Batch [79/100], Loss: 1.3631, Acc: 28.12%
2026-03-24 15:01:50,595 - INFO - Batch [89/100], Loss: 1.2432, Acc: 27.78%
2026-03-24 15:01:51,534 - INFO - Batch [99/100], Loss: 1.0962, Acc: 30.50%
2026-03-24 15:01:51,949 - INFO - Train Loss: 1.3343, Train Acc: 30.50%
2026-03-24 15:01:56,366 - INFO - Val Loss: 1.0781, Val Acc: 52.00%
2026-03-24 15:01:56,411 - INFO - 保存最佳模型，验证准确率: 52.00%
2026-03-24 15:01:56,462 - INFO - 保存检查点，epoch 1
2026-03-24 15:01:56,462 - INFO - 
Epoch [2/30]
2026-03-24 15:02:00,800 - INFO - Batch [9/100], Loss: 1.4634, Acc: 35.00%
2026-03-24 15:02:01,737 - INFO - Batch [19/100], Loss: 1.3537, Acc: 37.50%
2026-03-24 15:02:02,673 - INFO - Batch [29/100], Loss: 1.1349, Acc: 45.00%
2026-03-24 15:02:03,612 - INFO - Batch [39/100], Loss: 1.1491, Acc: 46.25%
2026-03-24 15:02:04,545 - INFO - Batch [49/100], Loss: 0.9466, Acc: 43.00%
2026-03-24 15:02:05,488 - INFO - Batch [59/100], Loss: 1.2546, Acc: 42.50%
2026-03-24 15:02:06,435 - INFO - Batch [69/100], Loss: 0.9237, Acc: 45.00%
2026-03-24 15:02:07,375 - INFO - Batch [79/100], Loss: 0.8704, Acc: 43.12%
2026-03-24 15:02:08,309 - INFO - Batch [89/100], Loss: 0.4400, Acc: 45.00%
2026-03-24 15:02:09,252 - INFO - Batch [99/100], Loss: 0.8035, Acc: 45.00%
2026-03-24 15:02:09,793 - INFO - Train Loss: 1.1471, Train Acc: 45.00%
2026-03-24 15:02:14,137 - INFO - Val Loss: 0.7951, Val Acc: 54.00%
2026-03-24 15:02:14,181 - INFO - 保存最佳模型，验证准确率: 54.00%
2026-03-24 15:02:14,246 - INFO - 保存检查点，epoch 2
2026-03-24 15:02:14,246 - INFO - 
Epoch [3/30]
2026-03-24 15:02:18,419 - INFO - Batch [9/100], Loss: 0.9478, Acc: 60.00%
2026-03-24 15:02:19,401 - INFO - Batch [19/100], Loss: 0.7680, Acc: 60.00%
2026-03-24 15:02:20,350 - INFO - Batch [29/100], Loss: 0.6215, Acc: 60.00%
2026-03-24 15:02:21,294 - INFO - Batch [39/100], Loss: 1.1785, Acc: 58.75%
2026-03-24 15:02:22,238 - INFO - Batch [49/100], Loss: 0.3356, Acc: 62.00%
2026-03-24 15:02:23,179 - INFO - Batch [59/100], Loss: 0.6970, Acc: 61.67%
2026-03-24 15:02:24,114 - INFO - Batch [69/100], Loss: 0.6459, Acc: 64.29%
2026-03-24 15:02:25,054 - INFO - Batch [79/100], Loss: 0.5873, Acc: 64.38%
2026-03-24 15:02:25,989 - INFO - Batch [89/100], Loss: 1.2384, Acc: 62.78%
2026-03-24 15:02:26,920 - INFO - Batch [99/100], Loss: 0.8941, Acc: 61.50%
2026-03-24 15:02:27,317 - INFO - Train Loss: 0.8851, Train Acc: 61.50%
2026-03-24 15:02:31,780 - INFO - Val Loss: 0.5505, Val Acc: 82.00%
2026-03-24 15:02:31,825 - INFO - 保存最佳模型，验证准确率: 82.00%
2026-03-24 15:02:31,903 - INFO - 保存检查点，epoch 3
2026-03-24 15:02:31,903 - INFO - 
Epoch [4/30]
2026-03-24 15:02:36,041 - INFO - Batch [9/100], Loss: 0.7163, Acc: 75.00%
2026-03-24 15:02:36,981 - INFO - Batch [19/100], Loss: 0.5231, Acc: 75.00%
2026-03-24 15:02:37,913 - INFO - Batch [29/100], Loss: 0.5514, Acc: 78.33%
2026-03-24 15:02:38,847 - INFO - Batch [39/100], Loss: 0.4613, Acc: 78.75%
2026-03-24 15:02:39,780 - INFO - Batch [49/100], Loss: 0.5973, Acc: 82.00%
2026-03-24 15:02:40,727 - INFO - Batch [59/100], Loss: 0.6194, Acc: 80.00%
2026-03-24 15:02:41,665 - INFO - Batch [69/100], Loss: 0.7097, Acc: 78.57%
2026-03-24 15:02:42,609 - INFO - Batch [79/100], Loss: 1.2183, Acc: 78.12%
2026-03-24 15:02:43,549 - INFO - Batch [89/100], Loss: 0.7208, Acc: 78.33%
2026-03-24 15:02:44,487 - INFO - Batch [99/100], Loss: 0.1029, Acc: 78.00%
2026-03-24 15:02:44,849 - INFO - Train Loss: 0.6103, Train Acc: 78.00%
2026-03-24 15:02:49,103 - INFO - Val Loss: 0.2824, Val Acc: 98.00%
2026-03-24 15:02:49,148 - INFO - 保存最佳模型，验证准确率: 98.00%
2026-03-24 15:02:49,227 - INFO - 保存检查点，epoch 4
2026-03-24 15:02:49,228 - INFO - 
Epoch [5/30]
2026-03-24 15:02:53,227 - INFO - Batch [9/100], Loss: 0.3454, Acc: 80.00%
2026-03-24 15:02:54,201 - INFO - Batch [19/100], Loss: 0.3316, Acc: 85.00%
2026-03-24 15:02:55,144 - INFO - Batch [29/100], Loss: 0.3951, Acc: 86.67%
2026-03-24 15:02:56,134 - INFO - Batch [39/100], Loss: 0.2499, Acc: 88.75%
2026-03-24 15:02:57,115 - INFO - Batch [49/100], Loss: 0.2677, Acc: 91.00%
2026-03-24 15:02:58,051 - INFO - Batch [59/100], Loss: 0.2992, Acc: 90.00%
2026-03-24 15:02:58,992 - INFO - Batch [69/100], Loss: 0.6164, Acc: 89.29%
2026-03-24 15:02:59,926 - INFO - Batch [79/100], Loss: 0.1484, Acc: 90.00%
2026-03-24 15:03:00,865 - INFO - Batch [89/100], Loss: 0.2263, Acc: 90.56%
2026-03-24 15:03:01,816 - INFO - Batch [99/100], Loss: 0.4490, Acc: 91.00%
2026-03-24 15:03:02,359 - INFO - Train Loss: 0.3606, Train Acc: 91.00%
2026-03-24 15:03:06,638 - INFO - Val Loss: 0.1024, Val Acc: 100.00%
2026-03-24 15:03:06,681 - INFO - 保存最佳模型，验证准确率: 100.00%
2026-03-24 15:03:06,753 - INFO - 保存检查点，epoch 5
2026-03-24 15:03:06,753 - INFO - 
Epoch [6/30]
2026-03-24 15:03:10,769 - INFO - Batch [9/100], Loss: 0.2136, Acc: 95.00%
2026-03-24 15:03:11,699 - INFO - Batch [19/100], Loss: 0.1220, Acc: 92.50%
2026-03-24 15:03:12,638 - INFO - Batch [29/100], Loss: 0.2144, Acc: 93.33%
2026-03-24 15:03:13,568 - INFO - Batch [39/100], Loss: 0.2236, Acc: 95.00%
2026-03-24 15:03:14,516 - INFO - Batch [49/100], Loss: 0.0595, Acc: 95.00%
2026-03-24 15:03:15,453 - INFO - Batch [59/100], Loss: 0.0709, Acc: 95.83%
2026-03-24 15:03:16,398 - INFO - Batch [69/100], Loss: 0.1009, Acc: 95.71%
2026-03-24 15:03:17,337 - INFO - Batch [79/100], Loss: 0.1212, Acc: 96.25%
2026-03-24 15:03:18,320 - INFO - Batch [89/100], Loss: 0.2469, Acc: 96.11%
2026-03-24 15:03:19,275 - INFO - Batch [99/100], Loss: 0.0364, Acc: 96.00%
2026-03-24 15:03:19,662 - INFO - Train Loss: 0.2013, Train Acc: 96.00%
2026-03-24 15:03:23,816 - INFO - Val Loss: 0.0561, Val Acc: 100.00%
2026-03-24 15:03:23,817 - INFO - 验证准确率未提升，已连续 1 个epoch
2026-03-24 15:03:23,896 - INFO - 保存检查点，epoch 6
2026-03-24 15:03:23,896 - INFO - 
Epoch [7/30]
2026-03-24 15:03:28,021 - INFO - Batch [9/100], Loss: 0.0576, Acc: 100.00%
2026-03-24 15:03:28,963 - INFO - Batch [19/100], Loss: 0.0727, Acc: 97.50%
2026-03-24 15:03:29,898 - INFO - Batch [29/100], Loss: 0.0039, Acc: 98.33%
2026-03-24 15:03:30,835 - INFO - Batch [39/100], Loss: 0.1068, Acc: 98.75%
2026-03-24 15:03:31,773 - INFO - Batch [49/100], Loss: 0.0819, Acc: 99.00%
2026-03-24 15:03:32,715 - INFO - Batch [59/100], Loss: 0.1062, Acc: 99.17%
2026-03-24 15:03:33,658 - INFO - Batch [69/100], Loss: 0.0219, Acc: 99.29%
2026-03-24 15:03:34,588 - INFO - Batch [79/100], Loss: 0.3889, Acc: 99.38%
2026-03-24 15:03:35,541 - INFO - Batch [89/100], Loss: 0.2242, Acc: 99.44%
2026-03-24 15:03:36,493 - INFO - Batch [99/100], Loss: 0.0495, Acc: 99.50%
2026-03-24 15:03:36,875 - INFO - Train Loss: 0.1200, Train Acc: 99.50%
2026-03-24 15:03:41,251 - INFO - Val Loss: 0.0377, Val Acc: 100.00%
2026-03-24 15:03:41,251 - INFO - 验证准确率未提升，已连续 2 个epoch
2026-03-24 15:03:41,323 - INFO - 保存检查点，epoch 7
2026-03-24 15:03:41,323 - INFO - 
Epoch [8/30]
2026-03-24 15:03:45,621 - INFO - Batch [9/100], Loss: 0.0287, Acc: 100.00%
2026-03-24 15:03:46,597 - INFO - Batch [19/100], Loss: 0.0580, Acc: 100.00%
2026-03-24 15:03:47,533 - INFO - Batch [29/100], Loss: 0.0897, Acc: 100.00%
2026-03-24 15:03:48,472 - INFO - Batch [39/100], Loss: 0.0143, Acc: 98.75%
2026-03-24 15:03:49,410 - INFO - Batch [49/100], Loss: 0.0879, Acc: 99.00%
2026-03-24 15:03:50,356 - INFO - Batch [59/100], Loss: 0.0357, Acc: 99.17%
2026-03-24 15:03:51,299 - INFO - Batch [69/100], Loss: 0.0729, Acc: 98.57%
2026-03-24 15:03:52,263 - INFO - Batch [79/100], Loss: 0.0281, Acc: 98.75%
2026-03-24 15:03:53,215 - INFO - Batch [89/100], Loss: 0.0339, Acc: 98.33%
2026-03-24 15:03:54,159 - INFO - Batch [99/100], Loss: 0.0221, Acc: 98.00%
2026-03-24 15:03:54,535 - INFO - Train Loss: 0.0963, Train Acc: 98.00%
2026-03-24 15:03:58,807 - INFO - Val Loss: 0.0251, Val Acc: 100.00%
2026-03-24 15:03:58,807 - INFO - 验证准确率未提升，已连续 3 个epoch
2026-03-24 15:03:58,874 - INFO - 保存检查点，epoch 8
2026-03-24 15:03:58,874 - INFO - 
Epoch [9/30]
2026-03-24 15:04:03,100 - INFO - Batch [9/100], Loss: 0.1311, Acc: 100.00%
2026-03-24 15:04:04,032 - INFO - Batch [19/100], Loss: 0.1535, Acc: 97.50%
2026-03-24 15:04:04,979 - INFO - Batch [29/100], Loss: 0.0963, Acc: 98.33%
2026-03-24 15:04:05,936 - INFO - Batch [39/100], Loss: 0.2160, Acc: 98.75%
2026-03-24 15:04:06,907 - INFO - Batch [49/100], Loss: 0.2148, Acc: 99.00%
2026-03-24 15:04:07,845 - INFO - Batch [59/100], Loss: 0.1006, Acc: 99.17%
2026-03-24 15:04:08,788 - INFO - Batch [69/100], Loss: 0.0706, Acc: 99.29%
2026-03-24 15:04:09,736 - INFO - Batch [79/100], Loss: 0.0774, Acc: 99.38%
2026-03-24 15:04:10,676 - INFO - Batch [89/100], Loss: 0.0727, Acc: 99.44%
2026-03-24 15:04:11,607 - INFO - Batch [99/100], Loss: 0.1824, Acc: 99.50%
2026-03-24 15:04:11,957 - INFO - Train Loss: 0.0941, Train Acc: 99.50%
2026-03-24 15:04:16,196 - INFO - Val Loss: 0.0147, Val Acc: 100.00%
2026-03-24 15:04:16,196 - INFO - 验证准确率未提升，已连续 4 个epoch
2026-03-24 15:04:16,275 - INFO - 保存检查点，epoch 9
2026-03-24 15:04:16,275 - INFO - 
Epoch [10/30]
2026-03-24 15:04:20,247 - INFO - Batch [9/100], Loss: 0.2194, Acc: 100.00%
2026-03-24 15:04:21,191 - INFO - Batch [19/100], Loss: 0.0265, Acc: 100.00%
2026-03-24 15:04:22,126 - INFO - Batch [29/100], Loss: 0.0430, Acc: 100.00%
2026-03-24 15:04:23,057 - INFO - Batch [39/100], Loss: 0.3300, Acc: 100.00%
2026-03-24 15:04:24,005 - INFO - Batch [49/100], Loss: 0.0262, Acc: 100.00%
2026-03-24 15:04:24,954 - INFO - Batch [59/100], Loss: 0.1248, Acc: 100.00%
2026-03-24 15:04:25,920 - INFO - Batch [69/100], Loss: 0.0438, Acc: 99.29%
2026-03-24 15:04:26,864 - INFO - Batch [79/100], Loss: 0.0499, Acc: 99.38%
2026-03-24 15:04:27,817 - INFO - Batch [89/100], Loss: 0.0456, Acc: 99.44%
2026-03-24 15:04:28,777 - INFO - Batch [99/100], Loss: 0.0566, Acc: 99.50%
2026-03-24 15:04:29,169 - INFO - Train Loss: 0.0714, Train Acc: 99.50%
2026-03-24 15:04:33,417 - INFO - Val Loss: 0.0137, Val Acc: 100.00%
2026-03-24 15:04:33,418 - INFO - 验证准确率未提升，已连续 5 个epoch
2026-03-24 15:04:33,494 - INFO - 保存检查点，epoch 10
2026-03-24 15:04:33,494 - INFO - 
Epoch [11/30]
2026-03-24 15:04:37,642 - INFO - Batch [9/100], Loss: 0.0098, Acc: 100.00%
2026-03-24 15:04:38,610 - INFO - Batch [19/100], Loss: 0.0568, Acc: 100.00%
2026-03-24 15:04:39,549 - INFO - Batch [29/100], Loss: 0.0159, Acc: 100.00%
2026-03-24 15:04:40,484 - INFO - Batch [39/100], Loss: 0.1076, Acc: 100.00%
2026-03-24 15:04:41,445 - INFO - Batch [49/100], Loss: 0.0118, Acc: 100.00%
2026-03-24 15:04:42,381 - INFO - Batch [59/100], Loss: 0.0248, Acc: 99.17%
2026-03-24 15:04:43,329 - INFO - Batch [69/100], Loss: 0.0323, Acc: 99.29%
2026-03-24 15:04:44,270 - INFO - Batch [79/100], Loss: 0.0636, Acc: 99.38%
2026-03-24 15:04:45,210 - INFO - Batch [89/100], Loss: 0.0357, Acc: 99.44%
2026-03-24 15:04:46,154 - INFO - Batch [99/100], Loss: 0.0027, Acc: 99.50%
2026-03-24 15:04:46,504 - INFO - Train Loss: 0.0582, Train Acc: 99.50%
2026-03-24 15:04:50,727 - INFO - Val Loss: 0.0121, Val Acc: 100.00%
2026-03-24 15:04:50,728 - INFO - 验证准确率未提升，已连续 6 个epoch
2026-03-24 15:04:50,805 - INFO - 保存检查点，epoch 11
2026-03-24 15:04:50,805 - INFO - 
Epoch [12/30]
2026-03-24 15:04:54,801 - INFO - Batch [9/100], Loss: 0.0573, Acc: 100.00%
2026-03-24 15:04:55,739 - INFO - Batch [19/100], Loss: 0.0301, Acc: 100.00%
2026-03-24 15:04:56,694 - INFO - Batch [29/100], Loss: 0.0345, Acc: 100.00%
2026-03-24 15:04:57,632 - INFO - Batch [39/100], Loss: 0.0202, Acc: 100.00%
2026-03-24 15:04:58,563 - INFO - Batch [49/100], Loss: 0.0164, Acc: 99.00%
2026-03-24 15:04:59,511 - INFO - Batch [59/100], Loss: 0.1010, Acc: 98.33%
2026-03-24 15:05:00,456 - INFO - Batch [69/100], Loss: 0.0123, Acc: 97.86%
2026-03-24 15:05:01,392 - INFO - Batch [79/100], Loss: 0.0517, Acc: 97.50%
2026-03-24 15:05:02,339 - INFO - Batch [89/100], Loss: 0.0224, Acc: 97.78%
2026-03-24 15:05:03,268 - INFO - Batch [99/100], Loss: 0.0871, Acc: 98.00%
2026-03-24 15:05:03,638 - INFO - Train Loss: 0.0862, Train Acc: 98.00%
2026-03-24 15:05:08,024 - INFO - Val Loss: 0.0077, Val Acc: 100.00%
2026-03-24 15:05:08,025 - INFO - 验证准确率未提升，已连续 7 个epoch
2026-03-24 15:05:08,107 - INFO - 保存检查点，epoch 12
2026-03-24 15:05:08,107 - INFO - 
Epoch [13/30]
2026-03-24 15:05:12,362 - INFO - Batch [9/100], Loss: 0.0303, Acc: 100.00%
2026-03-24 15:05:13,362 - INFO - Batch [19/100], Loss: 0.0183, Acc: 100.00%
2026-03-24 15:05:14,330 - INFO - Batch [29/100], Loss: 0.0305, Acc: 98.33%
2026-03-24 15:05:15,303 - INFO - Batch [39/100], Loss: 0.0181, Acc: 98.75%
2026-03-24 15:05:16,284 - INFO - Batch [49/100], Loss: 1.5415, Acc: 97.00%
2026-03-24 15:05:17,268 - INFO - Batch [59/100], Loss: 0.0448, Acc: 95.83%
2026-03-24 15:05:18,251 - INFO - Batch [69/100], Loss: 0.1918, Acc: 96.43%
2026-03-24 15:05:19,231 - INFO - Batch [79/100], Loss: 0.0030, Acc: 96.88%
2026-03-24 15:05:20,191 - INFO - Batch [89/100], Loss: 0.0164, Acc: 96.11%
2026-03-24 15:05:21,171 - INFO - Batch [99/100], Loss: 0.0123, Acc: 96.50%
2026-03-24 15:05:21,526 - INFO - Train Loss: 0.1002, Train Acc: 96.50%
2026-03-24 15:05:25,796 - INFO - Val Loss: 0.0200, Val Acc: 100.00%
2026-03-24 15:05:25,796 - INFO - 验证准确率未提升，已连续 8 个epoch
2026-03-24 15:05:25,796 - INFO - 早停触发，在epoch 13 停止训练
2026-03-24 15:05:25,796 - INFO - 训练完成！最佳验证准确率: 100.00%
2026-03-24 15:30:21,755 - INFO - 开始训练优化模型，配置: Namespace(epochs=10, batch_size=2, lr=5e-05, dropout=0.4, weight_decay=0.0001, device='cuda', use_real_data=True, resume=None)
2026-03-24 15:30:21,759 - INFO - 检测到GPU: NVIDIA GeForce RTX 4060 Laptop GPU
2026-03-24 15:30:21,760 - INFO - GPU内存: 8.00 GB
2026-03-24 15:30:21,760 - INFO - 使用设备: cuda
2026-03-24 15:30:21,975 - INFO - 模型创建成功，参数数量: 5535621
2026-03-24 15:30:24,271 - INFO - 
Epoch [1/10]
2026-03-24 15:30:29,073 - INFO - Batch [9/100], Loss: 1.3491, Acc: 25.00%
2026-03-24 15:30:30,033 - INFO - Batch [19/100], Loss: 1.2302, Acc: 35.00%
2026-03-24 15:30:30,994 - INFO - Batch [29/100], Loss: 1.4278, Acc: 31.67%
2026-03-24 15:30:31,958 - INFO - Batch [39/100], Loss: 1.3921, Acc: 28.75%
2026-03-24 15:30:32,917 - INFO - Batch [49/100], Loss: 1.3376, Acc: 27.00%
2026-03-24 15:30:33,876 - INFO - Batch [59/100], Loss: 1.2918, Acc: 27.50%
2026-03-24 15:30:34,835 - INFO - Batch [69/100], Loss: 1.3545, Acc: 25.71%
2026-03-24 15:30:35,791 - INFO - Batch [79/100], Loss: 1.5638, Acc: 25.00%
2026-03-24 15:30:36,740 - INFO - Batch [89/100], Loss: 1.4310, Acc: 26.11%
2026-03-24 15:30:37,687 - INFO - Batch [99/100], Loss: 1.3231, Acc: 27.50%
2026-03-24 15:30:38,081 - INFO - Train Loss: 1.3841, Train Acc: 27.50%
2026-03-24 15:30:42,438 - INFO - Val Loss: 1.1899, Val Acc: 76.00%
2026-03-24 15:30:42,469 - INFO - 保存最佳模型，验证准确率: 76.00%
2026-03-24 15:30:42,520 - INFO - 保存检查点，epoch 1
2026-03-24 15:30:42,520 - INFO - 
Epoch [2/10]
2026-03-24 15:30:46,626 - INFO - Batch [9/100], Loss: 1.2570, Acc: 40.00%
2026-03-24 15:30:47,563 - INFO - Batch [19/100], Loss: 1.2424, Acc: 35.00%
2026-03-24 15:30:48,506 - INFO - Batch [29/100], Loss: 1.3269, Acc: 43.33%
2026-03-24 15:30:49,457 - INFO - Batch [39/100], Loss: 0.9507, Acc: 47.50%
2026-03-24 15:30:50,412 - INFO - Batch [49/100], Loss: 1.3840, Acc: 44.00%
2026-03-24 15:30:51,358 - INFO - Batch [59/100], Loss: 1.3733, Acc: 45.83%
2026-03-24 15:30:52,314 - INFO - Batch [69/100], Loss: 0.8140, Acc: 47.86%
2026-03-24 15:30:53,263 - INFO - Batch [79/100], Loss: 0.7881, Acc: 47.50%
2026-03-24 15:30:54,217 - INFO - Batch [89/100], Loss: 1.0024, Acc: 45.56%
2026-03-24 15:30:55,159 - INFO - Batch [99/100], Loss: 1.2865, Acc: 46.00%
2026-03-24 15:30:55,520 - INFO - Train Loss: 1.1938, Train Acc: 46.00%
2026-03-24 15:30:59,926 - INFO - Val Loss: 0.8571, Val Acc: 56.00%
2026-03-24 15:30:59,926 - INFO - 验证准确率未提升，已连续 1 个epoch
2026-03-24 15:31:00,002 - INFO - 保存检查点，epoch 2
2026-03-24 15:31:00,002 - INFO - 
Epoch [3/10]
2026-03-24 15:31:04,106 - INFO - Batch [9/100], Loss: 1.2270, Acc: 30.00%
2026-03-24 15:31:05,062 - INFO - Batch [19/100], Loss: 1.1522, Acc: 42.50%
2026-03-24 15:31:06,013 - INFO - Batch [29/100], Loss: 1.1345, Acc: 38.33%
2026-03-24 15:31:06,965 - INFO - Batch [39/100], Loss: 1.2379, Acc: 45.00%
2026-03-24 15:31:07,917 - INFO - Batch [49/100], Loss: 1.0309, Acc: 47.00%
2026-03-24 15:31:08,867 - INFO - Batch [59/100], Loss: 0.8202, Acc: 50.83%
2026-03-24 15:31:09,829 - INFO - Batch [69/100], Loss: 0.7423, Acc: 50.71%
2026-03-24 15:31:10,796 - INFO - Batch [79/100], Loss: 0.7155, Acc: 51.25%
2026-03-24 15:31:11,753 - INFO - Batch [89/100], Loss: 0.3076, Acc: 52.78%
2026-03-24 15:31:12,710 - INFO - Batch [99/100], Loss: 0.7227, Acc: 53.50%
2026-03-24 15:31:13,108 - INFO - Train Loss: 0.9418, Train Acc: 53.50%
2026-03-24 15:31:17,682 - INFO - Val Loss: 0.6663, Val Acc: 56.00%
2026-03-24 15:31:17,683 - INFO - 验证准确率未提升，已连续 2 个epoch
2026-03-24 15:31:17,756 - INFO - 保存检查点，epoch 3
2026-03-24 15:31:17,756 - INFO - 
Epoch [4/10]
2026-03-24 15:31:21,911 - INFO - Batch [9/100], Loss: 0.3915, Acc: 75.00%
2026-03-24 15:31:22,910 - INFO - Batch [19/100], Loss: 0.5349, Acc: 72.50%
2026-03-24 15:31:23,901 - INFO - Batch [29/100], Loss: 0.1721, Acc: 70.00%
2026-03-24 15:31:24,848 - INFO - Batch [39/100], Loss: 0.7141, Acc: 66.25%
2026-03-24 15:31:25,800 - INFO - Batch [49/100], Loss: 0.8567, Acc: 68.00%
2026-03-24 15:31:26,753 - INFO - Batch [59/100], Loss: 0.7696, Acc: 67.50%
2026-03-24 15:31:27,703 - INFO - Batch [69/100], Loss: 0.7687, Acc: 67.14%
2026-03-24 15:31:28,656 - INFO - Batch [79/100], Loss: 0.7788, Acc: 63.12%
2026-03-24 15:31:29,612 - INFO - Batch [89/100], Loss: 0.9418, Acc: 63.33%
2026-03-24 15:31:30,563 - INFO - Batch [99/100], Loss: 0.1607, Acc: 65.00%
2026-03-24 15:31:30,932 - INFO - Train Loss: 0.7343, Train Acc: 65.00%
2026-03-24 15:31:35,162 - INFO - Val Loss: 0.5382, Val Acc: 64.00%
2026-03-24 15:31:35,162 - INFO - 验证准确率未提升，已连续 3 个epoch
2026-03-24 15:31:35,239 - INFO - 保存检查点，epoch 4
2026-03-24 15:31:35,239 - INFO - 
Epoch [5/10]
2026-03-24 15:31:39,448 - INFO - Batch [9/100], Loss: 0.6079, Acc: 70.00%
2026-03-24 15:31:40,434 - INFO - Batch [19/100], Loss: 1.0277, Acc: 75.00%
2026-03-24 15:31:41,397 - INFO - Batch [29/100], Loss: 1.4570, Acc: 73.33%
2026-03-24 15:31:42,357 - INFO - Batch [39/100], Loss: 0.3543, Acc: 77.50%
2026-03-24 15:31:43,310 - INFO - Batch [49/100], Loss: 0.8578, Acc: 76.00%
2026-03-24 15:31:44,265 - INFO - Batch [59/100], Loss: 0.5819, Acc: 77.50%
2026-03-24 15:31:45,217 - INFO - Batch [69/100], Loss: 0.1360, Acc: 77.86%
2026-03-24 15:31:46,163 - INFO - Batch [79/100], Loss: 0.4680, Acc: 79.38%
2026-03-24 15:31:47,112 - INFO - Batch [89/100], Loss: 0.0967, Acc: 80.00%
2026-03-24 15:31:48,060 - INFO - Batch [99/100], Loss: 1.4195, Acc: 80.50%
2026-03-24 15:31:48,436 - INFO - Train Loss: 0.5096, Train Acc: 80.50%
2026-03-24 15:31:52,579 - INFO - Val Loss: 0.2837, Val Acc: 100.00%
2026-03-24 15:31:52,626 - INFO - 保存最佳模型，验证准确率: 100.00%
2026-03-24 15:31:52,700 - INFO - 保存检查点，epoch 5
2026-03-24 15:31:52,700 - INFO - 
Epoch [6/10]
2026-03-24 15:31:56,647 - INFO - Batch [9/100], Loss: 0.4552, Acc: 85.00%
2026-03-24 15:31:57,589 - INFO - Batch [19/100], Loss: 0.1523, Acc: 87.50%
2026-03-24 15:31:58,531 - INFO - Batch [29/100], Loss: 0.2531, Acc: 85.00%
2026-03-24 15:31:59,494 - INFO - Batch [39/100], Loss: 0.2209, Acc: 87.50%
2026-03-24 15:32:00,446 - INFO - Batch [49/100], Loss: 0.4658, Acc: 88.00%
2026-03-24 15:32:01,393 - INFO - Batch [59/100], Loss: 0.0334, Acc: 88.33%
2026-03-24 15:32:02,353 - INFO - Batch [69/100], Loss: 0.0727, Acc: 90.00%
2026-03-24 15:32:03,296 - INFO - Batch [79/100], Loss: 0.2042, Acc: 90.62%
2026-03-24 15:32:04,245 - INFO - Batch [89/100], Loss: 0.2020, Acc: 90.56%
2026-03-24 15:32:05,196 - INFO - Batch [99/100], Loss: 0.0667, Acc: 89.50%
2026-03-24 15:32:05,556 - INFO - Train Loss: 0.3601, Train Acc: 89.50%
2026-03-24 15:32:09,785 - INFO - Val Loss: 0.2957, Val Acc: 84.00%
2026-03-24 15:32:09,786 - INFO - 验证准确率未提升，已连续 1 个epoch
2026-03-24 15:32:09,864 - INFO - 保存检查点，epoch 6
2026-03-24 15:32:09,864 - INFO - 
Epoch [7/10]
2026-03-24 15:32:14,036 - INFO - Batch [9/100], Loss: 0.3533, Acc: 80.00%
2026-03-24 15:32:14,988 - INFO - Batch [19/100], Loss: 0.7520, Acc: 82.50%
2026-03-24 15:32:15,969 - INFO - Batch [29/100], Loss: 0.0597, Acc: 85.00%
2026-03-24 15:32:16,940 - INFO - Batch [39/100], Loss: 0.3322, Acc: 82.50%
2026-03-24 15:32:17,895 - INFO - Batch [49/100], Loss: 0.0963, Acc: 85.00%
2026-03-24 15:32:18,848 - INFO - Batch [59/100], Loss: 0.1051, Acc: 86.67%
2026-03-24 15:32:19,799 - INFO - Batch [69/100], Loss: 0.1026, Acc: 87.14%
2026-03-24 15:32:20,746 - INFO - Batch [79/100], Loss: 0.1049, Acc: 88.75%
2026-03-24 15:32:21,697 - INFO - Batch [89/100], Loss: 0.1866, Acc: 89.44%
2026-03-24 15:32:22,639 - INFO - Batch [99/100], Loss: 0.0527, Acc: 90.00%
2026-03-24 15:32:22,986 - INFO - Train Loss: 0.2757, Train Acc: 90.00%
2026-03-24 15:32:27,260 - INFO - Val Loss: 0.1024, Val Acc: 100.00%
2026-03-24 15:32:27,260 - INFO - 验证准确率未提升，已连续 2 个epoch
2026-03-24 15:32:27,341 - INFO - 保存检查点，epoch 7
2026-03-24 15:32:27,341 - INFO - 
Epoch [8/10]
2026-03-24 15:32:31,462 - INFO - Batch [9/100], Loss: 0.3790, Acc: 100.00%
2026-03-24 15:32:32,411 - INFO - Batch [19/100], Loss: 0.2953, Acc: 97.50%
2026-03-24 15:32:33,367 - INFO - Batch [29/100], Loss: 0.1537, Acc: 96.67%
2026-03-24 15:32:34,310 - INFO - Batch [39/100], Loss: 0.1864, Acc: 97.50%
2026-03-24 15:32:35,257 - INFO - Batch [49/100], Loss: 0.0281, Acc: 97.00%
2026-03-24 15:32:36,204 - INFO - Batch [59/100], Loss: 0.0592, Acc: 95.83%
2026-03-24 15:32:37,146 - INFO - Batch [69/100], Loss: 0.4175, Acc: 95.71%
2026-03-24 15:32:38,100 - INFO - Batch [79/100], Loss: 0.0938, Acc: 95.00%
2026-03-24 15:32:39,047 - INFO - Batch [89/100], Loss: 0.0585, Acc: 95.56%
2026-03-24 15:32:39,994 - INFO - Batch [99/100], Loss: 0.0391, Acc: 96.00%
2026-03-24 15:32:40,370 - INFO - Train Loss: 0.2065, Train Acc: 96.00%
2026-03-24 15:32:44,604 - INFO - Val Loss: 0.1055, Val Acc: 94.00%
2026-03-24 15:32:44,605 - INFO - 验证准确率未提升，已连续 3 个epoch
2026-03-24 15:32:44,679 - INFO - 保存检查点，epoch 8
2026-03-24 15:32:44,679 - INFO - 
Epoch [9/10]
2026-03-24 15:32:48,634 - INFO - Batch [9/100], Loss: 0.1771, Acc: 95.00%
2026-03-24 15:32:49,584 - INFO - Batch [19/100], Loss: 0.0254, Acc: 95.00%
2026-03-24 15:32:50,533 - INFO - Batch [29/100], Loss: 0.1595, Acc: 93.33%
2026-03-24 15:32:51,477 - INFO - Batch [39/100], Loss: 0.3337, Acc: 95.00%
2026-03-24 15:32:52,430 - INFO - Batch [49/100], Loss: 0.0265, Acc: 94.00%
2026-03-24 15:32:53,380 - INFO - Batch [59/100], Loss: 1.7079, Acc: 93.33%
2026-03-24 15:32:54,331 - INFO - Batch [69/100], Loss: 0.7350, Acc: 92.86%
2026-03-24 15:32:55,298 - INFO - Batch [79/100], Loss: 0.0139, Acc: 93.12%
2026-03-24 15:32:56,247 - INFO - Batch [89/100], Loss: 0.1055, Acc: 93.33%
2026-03-24 15:32:57,197 - INFO - Batch [99/100], Loss: 0.1301, Acc: 94.00%
2026-03-24 15:32:57,551 - INFO - Train Loss: 0.2029, Train Acc: 94.00%
2026-03-24 15:33:01,657 - INFO - Val Loss: 0.0549, Val Acc: 100.00%
2026-03-24 15:33:01,657 - INFO - 验证准确率未提升，已连续 4 个epoch
2026-03-24 15:33:01,734 - INFO - 保存检查点，epoch 9
2026-03-24 15:33:01,734 - INFO - 
Epoch [10/10]
2026-03-24 15:33:05,678 - INFO - Batch [9/100], Loss: 0.5725, Acc: 85.00%
2026-03-24 15:33:06,617 - INFO - Batch [19/100], Loss: 0.0938, Acc: 90.00%
2026-03-24 15:33:07,564 - INFO - Batch [29/100], Loss: 0.2527, Acc: 91.67%
2026-03-24 15:33:08,511 - INFO - Batch [39/100], Loss: 0.0557, Acc: 92.50%
2026-03-24 15:33:09,457 - INFO - Batch [49/100], Loss: 0.0449, Acc: 94.00%
2026-03-24 15:33:10,416 - INFO - Batch [59/100], Loss: 0.0426, Acc: 95.00%
2026-03-24 15:33:11,364 - INFO - Batch [69/100], Loss: 0.0375, Acc: 95.71%
2026-03-24 15:33:12,337 - INFO - Batch [79/100], Loss: 0.0230, Acc: 95.62%
2026-03-24 15:33:13,288 - INFO - Batch [89/100], Loss: 0.2272, Acc: 96.11%
2026-03-24 15:33:14,242 - INFO - Batch [99/100], Loss: 0.1128, Acc: 96.50%
2026-03-24 15:33:14,634 - INFO - Train Loss: 0.1576, Train Acc: 96.50%
2026-03-24 15:33:18,987 - INFO - Val Loss: 0.0410, Val Acc: 100.00%
2026-03-24 15:33:18,987 - INFO - 验证准确率未提升，已连续 5 个epoch
2026-03-24 15:33:19,074 - INFO - 保存检查点，epoch 10
2026-03-24 15:33:19,075 - INFO - 训练完成！最佳验证准确率: 100.00%
2026-03-24 15:37:31,421 - INFO - 开始训练优化模型，配置: Namespace(epochs=5, batch_size=2, lr=5e-05, dropout=0.4, weight_decay=0.0001, device='cuda', use_real_data=True, resume=None)
2026-03-24 15:37:31,424 - INFO - 检测到GPU: NVIDIA GeForce RTX 4060 Laptop GPU
2026-03-24 15:37:31,424 - INFO - GPU内存: 8.00 GB
2026-03-24 15:37:31,424 - INFO - 使用设备: cuda
2026-03-24 15:37:31,438 - INFO - 加载了 25 个真实数据样本
2026-03-24 15:37:31,450 - INFO - 加载了 25 个真实数据样本
2026-03-24 15:37:31,666 - INFO - 模型创建成功，参数数量: 5535621
2026-03-24 15:37:33,665 - INFO - 
Epoch [1/5]
2026-03-24 15:37:37,714 - INFO - Batch [9/100], Loss: 1.4495, Acc: 25.00%
2026-03-24 15:37:38,587 - INFO - Batch [19/100], Loss: 1.2597, Acc: 30.00%
2026-03-24 15:37:39,470 - INFO - Batch [29/100], Loss: 1.3210, Acc: 26.67%
2026-03-24 15:37:40,344 - INFO - Batch [39/100], Loss: 1.3356, Acc: 30.00%
2026-03-24 15:37:41,236 - INFO - Batch [49/100], Loss: 1.5469, Acc: 30.00%
2026-03-24 15:37:42,133 - INFO - Batch [59/100], Loss: 1.2775, Acc: 29.17%
2026-03-24 15:37:43,015 - INFO - Batch [69/100], Loss: 1.4981, Acc: 30.00%
2026-03-24 15:37:43,903 - INFO - Batch [79/100], Loss: 1.1779, Acc: 35.00%
2026-03-24 15:37:44,786 - INFO - Batch [89/100], Loss: 1.5152, Acc: 35.56%
2026-03-24 15:37:45,665 - INFO - Batch [99/100], Loss: 1.4699, Acc: 36.00%
2026-03-24 15:37:46,038 - INFO - Train Loss: 1.3457, Train Acc: 36.00%
2026-03-24 15:37:50,638 - INFO - Val Loss: 1.0943, Val Acc: 54.00%
2026-03-24 15:37:50,694 - INFO - 保存最佳模型，验证准确率: 54.00%
2026-03-24 15:37:50,772 - INFO - 保存检查点，epoch 1
2026-03-24 15:37:50,772 - INFO - 
Epoch [2/5]
2026-03-24 15:37:55,644 - INFO - Batch [9/100], Loss: 1.3221, Acc: 50.00%
2026-03-24 15:37:56,546 - INFO - Batch [19/100], Loss: 1.6707, Acc: 45.00%
2026-03-24 15:37:57,447 - INFO - Batch [29/100], Loss: 1.0029, Acc: 50.00%
2026-03-24 15:37:58,339 - INFO - Batch [39/100], Loss: 0.6547, Acc: 51.25%
2026-03-24 15:37:59,227 - INFO - Batch [49/100], Loss: 1.3332, Acc: 48.00%
2026-03-24 15:38:00,118 - INFO - Batch [59/100], Loss: 0.9377, Acc: 46.67%
2026-03-24 15:38:01,024 - INFO - Batch [69/100], Loss: 0.7967, Acc: 47.14%
2026-03-24 15:38:01,927 - INFO - Batch [79/100], Loss: 0.9918, Acc: 48.75%
2026-03-24 15:38:02,826 - INFO - Batch [89/100], Loss: 1.4602, Acc: 48.33%
2026-03-24 15:38:03,722 - INFO - Batch [99/100], Loss: 0.7163, Acc: 49.00%
2026-03-24 15:38:04,123 - INFO - Train Loss: 1.0907, Train Acc: 49.00%
2026-03-24 15:38:08,531 - INFO - Val Loss: 0.7178, Val Acc: 80.00%
2026-03-24 15:38:08,573 - INFO - 保存最佳模型，验证准确率: 80.00%
2026-03-24 15:38:08,645 - INFO - 保存检查点，epoch 2
2026-03-24 15:38:08,645 - INFO - 
Epoch [3/5]
2026-03-24 15:38:12,670 - INFO - Batch [9/100], Loss: 0.7552, Acc: 75.00%
2026-03-24 15:38:13,576 - INFO - Batch [19/100], Loss: 0.6391, Acc: 70.00%
2026-03-24 15:38:14,461 - INFO - Batch [29/100], Loss: 0.6173, Acc: 70.00%
2026-03-24 15:38:15,341 - INFO - Batch [39/100], Loss: 0.7299, Acc: 67.50%
2026-03-24 15:38:16,234 - INFO - Batch [49/100], Loss: 0.5738, Acc: 70.00%
2026-03-24 15:38:17,121 - INFO - Batch [59/100], Loss: 0.7541, Acc: 67.50%
2026-03-24 15:38:18,004 - INFO - Batch [69/100], Loss: 0.6368, Acc: 70.71%
2026-03-24 15:38:18,882 - INFO - Batch [79/100], Loss: 0.7398, Acc: 73.75%
2026-03-24 15:38:19,761 - INFO - Batch [89/100], Loss: 1.0831, Acc: 74.44%
2026-03-24 15:38:20,635 - INFO - Batch [99/100], Loss: 0.5462, Acc: 76.00%
2026-03-24 15:38:21,020 - INFO - Train Loss: 0.6942, Train Acc: 76.00%
2026-03-24 15:38:25,362 - INFO - Val Loss: 0.4463, Val Acc: 100.00%
2026-03-24 15:38:25,409 - INFO - 保存最佳模型，验证准确率: 100.00%
2026-03-24 15:38:25,480 - INFO - 保存检查点，epoch 3
2026-03-24 15:38:25,481 - INFO - 
Epoch [4/5]
2026-03-24 15:38:29,658 - INFO - Batch [9/100], Loss: 0.3269, Acc: 65.00%
2026-03-24 15:38:30,560 - INFO - Batch [19/100], Loss: 0.2564, Acc: 75.00%
2026-03-24 15:38:31,453 - INFO - Batch [29/100], Loss: 0.2635, Acc: 80.00%
2026-03-24 15:38:32,338 - INFO - Batch [39/100], Loss: 0.1474, Acc: 80.00%
2026-03-24 15:38:33,237 - INFO - Batch [49/100], Loss: 0.0934, Acc: 79.00%
2026-03-24 15:38:34,127 - INFO - Batch [59/100], Loss: 0.6813, Acc: 80.83%
2026-03-24 15:38:35,035 - INFO - Batch [69/100], Loss: 0.1774, Acc: 82.14%
2026-03-24 15:38:35,934 - INFO - Batch [79/100], Loss: 0.1740, Acc: 81.25%
2026-03-24 15:38:36,852 - INFO - Batch [89/100], Loss: 0.2862, Acc: 81.11%
2026-03-24 15:38:37,735 - INFO - Batch [99/100], Loss: 0.7070, Acc: 81.00%
2026-03-24 15:38:38,121 - INFO - Train Loss: 0.4719, Train Acc: 81.00%
2026-03-24 15:38:42,914 - INFO - Val Loss: 0.2777, Val Acc: 82.00%
2026-03-24 15:38:42,914 - INFO - 验证准确率未提升，已连续 1 个epoch
2026-03-24 15:38:42,999 - INFO - 保存检查点，epoch 4
2026-03-24 15:38:42,999 - INFO - 
Epoch [5/5]
2026-03-24 15:38:47,255 - INFO - Batch [9/100], Loss: 0.0911, Acc: 85.00%
2026-03-24 15:38:48,137 - INFO - Batch [19/100], Loss: 0.2105, Acc: 85.00%
2026-03-24 15:38:49,018 - INFO - Batch [29/100], Loss: 0.2550, Acc: 85.00%
2026-03-24 15:38:49,895 - INFO - Batch [39/100], Loss: 0.1400, Acc: 85.00%
2026-03-24 15:38:50,774 - INFO - Batch [49/100], Loss: 0.3159, Acc: 88.00%
2026-03-24 15:38:51,690 - INFO - Batch [59/100], Loss: 0.1520, Acc: 89.17%
2026-03-24 15:38:52,576 - INFO - Batch [69/100], Loss: 0.1471, Acc: 88.57%
2026-03-24 15:38:53,471 - INFO - Batch [79/100], Loss: 0.0876, Acc: 90.00%
2026-03-24 15:38:54,345 - INFO - Batch [89/100], Loss: 0.1552, Acc: 91.11%
2026-03-24 15:38:55,221 - INFO - Batch [99/100], Loss: 0.2643, Acc: 91.00%
2026-03-24 15:38:55,620 - INFO - Train Loss: 0.3104, Train Acc: 91.00%
2026-03-24 15:39:00,089 - INFO - Val Loss: 0.2792, Val Acc: 88.00%
2026-03-24 15:39:00,089 - INFO - 验证准确率未提升，已连续 2 个epoch
2026-03-24 15:39:00,166 - INFO - 保存检查点，epoch 5
2026-03-24 15:39:00,167 - INFO - 训练完成！最佳验证准确率: 100.00%
